11/01/2021 10:25:27 AM::DEBUG::Converted retries value: 3 -> Retry(total=3, connect=None, read=None, redirect=None, status=None) 
11/01/2021 10:25:27 AM::DEBUG::Starting new HTTPS connection (1): igtec-kanbanboard-default-rtdb.firebaseio.com:443 
11/01/2021 10:25:28 AM::DEBUG::https://igtec-kanbanboard-default-rtdb.firebaseio.com:443 "GET /igorsantos314.json HTTP/1.1" 200 235 
11/01/2021 10:27:38 AM::DEBUG::Converted retries value: 3 -> Retry(total=3, connect=None, read=None, redirect=None, status=None) 
11/01/2021 10:27:38 AM::DEBUG::Starting new HTTPS connection (1): igtec-kanbanboard-default-rtdb.firebaseio.com:443 
11/01/2021 10:27:39 AM::DEBUG::https://igtec-kanbanboard-default-rtdb.firebaseio.com:443 "GET /igorsantos314.json HTTP/1.1" 200 266 
11/01/2021 10:29:53 AM::DEBUG::Converted retries value: 3 -> Retry(total=3, connect=None, read=None, redirect=None, status=None) 
11/01/2021 10:29:53 AM::DEBUG::Starting new HTTPS connection (1): igtec-kanbanboard-default-rtdb.firebaseio.com:443 
11/01/2021 10:29:54 AM::DEBUG::https://igtec-kanbanboard-default-rtdb.firebaseio.com:443 "GET /igorsantos314.json HTTP/1.1" 200 306 
11/01/2021 10:30:08 AM::DEBUG::Converted retries value: 3 -> Retry(total=3, connect=None, read=None, redirect=None, status=None) 
11/01/2021 10:30:08 AM::DEBUG::Starting new HTTPS connection (1): igtec-kanbanboard-default-rtdb.firebaseio.com:443 
11/01/2021 10:30:09 AM::DEBUG::https://igtec-kanbanboard-default-rtdb.firebaseio.com:443 "GET /igorsantos314.json HTTP/1.1" 200 306 
11/01/2021 10:30:26 AM::DEBUG::Converted retries value: 3 -> Retry(total=3, connect=None, read=None, redirect=None, status=None) 
11/01/2021 10:30:26 AM::DEBUG::Starting new HTTPS connection (1): igtec-kanbanboard-default-rtdb.firebaseio.com:443 
11/01/2021 10:30:27 AM::DEBUG::https://igtec-kanbanboard-default-rtdb.firebaseio.com:443 "GET /igorsantos314.json HTTP/1.1" 200 306 
11/01/2021 10:30:36 AM::DEBUG::Converted retries value: 3 -> Retry(total=3, connect=None, read=None, redirect=None, status=None) 
11/01/2021 10:30:36 AM::DEBUG::Starting new HTTPS connection (1): igtec-kanbanboard-default-rtdb.firebaseio.com:443 
11/01/2021 10:30:36 AM::DEBUG::https://igtec-kanbanboard-default-rtdb.firebaseio.com:443 "GET /igorsantos314.json HTTP/1.1" 200 306 
11/01/2021 10:30:54 AM::DEBUG::Converted retries value: 3 -> Retry(total=3, connect=None, read=None, redirect=None, status=None) 
11/01/2021 10:30:54 AM::DEBUG::Starting new HTTPS connection (1): igtec-kanbanboard-default-rtdb.firebaseio.com:443 
11/01/2021 10:30:54 AM::DEBUG::https://igtec-kanbanboard-default-rtdb.firebaseio.com:443 "GET /igorsantos314.json HTTP/1.1" 200 306 
11/01/2021 10:31:05 AM::DEBUG::Converted retries value: 3 -> Retry(total=3, connect=None, read=None, redirect=None, status=None) 
11/01/2021 10:31:05 AM::DEBUG::Starting new HTTPS connection (1): igtec-kanbanboard-default-rtdb.firebaseio.com:443 
11/01/2021 10:31:06 AM::DEBUG::https://igtec-kanbanboard-default-rtdb.firebaseio.com:443 "GET /igorsantos314.json HTTP/1.1" 200 306 
11/01/2021 10:46:19 AM::DEBUG::Converted retries value: 3 -> Retry(total=3, connect=None, read=None, redirect=None, status=None) 
11/01/2021 10:46:19 AM::DEBUG::Starting new HTTPS connection (1): igtec-kanbanboard-default-rtdb.firebaseio.com:443 
11/01/2021 10:46:20 AM::DEBUG::https://igtec-kanbanboard-default-rtdb.firebaseio.com:443 "GET /igorsantos314.json HTTP/1.1" 200 306 
11/01/2021 10:47:28 AM::DEBUG::Converted retries value: 3 -> Retry(total=3, connect=None, read=None, redirect=None, status=None) 
11/01/2021 10:47:28 AM::DEBUG::Starting new HTTPS connection (1): igtec-kanbanboard-default-rtdb.firebaseio.com:443 
11/01/2021 10:47:29 AM::DEBUG::https://igtec-kanbanboard-default-rtdb.firebaseio.com:443 "GET /igorsantos314.json HTTP/1.1" 200 306 
11/01/2021 10:50:40 AM::DEBUG::Converted retries value: 3 -> Retry(total=3, connect=None, read=None, redirect=None, status=None) 
11/01/2021 10:50:40 AM::DEBUG::Starting new HTTPS connection (1): igtec-kanbanboard-default-rtdb.firebaseio.com:443 
11/01/2021 10:50:42 AM::DEBUG::https://igtec-kanbanboard-default-rtdb.firebaseio.com:443 "GET /igorsantos314.json HTTP/1.1" 200 306 
11/01/2021 10:52:52 AM::DEBUG::Converted retries value: 3 -> Retry(total=3, connect=None, read=None, redirect=None, status=None) 
11/01/2021 10:52:52 AM::DEBUG::Starting new HTTPS connection (1): igtec-kanbanboard-default-rtdb.firebaseio.com:443 
11/01/2021 10:52:53 AM::DEBUG::https://igtec-kanbanboard-default-rtdb.firebaseio.com:443 "GET /igorsantos314.json HTTP/1.1" 200 306 
11/01/2021 10:53:30 AM::DEBUG::Converted retries value: 3 -> Retry(total=3, connect=None, read=None, redirect=None, status=None) 
11/01/2021 10:53:30 AM::DEBUG::Starting new HTTPS connection (1): igtec-kanbanboard-default-rtdb.firebaseio.com:443 
11/01/2021 10:53:31 AM::DEBUG::https://igtec-kanbanboard-default-rtdb.firebaseio.com:443 "GET /igorsantos314.json HTTP/1.1" 200 306 
11/01/2021 10:53:55 AM::DEBUG::Converted retries value: 3 -> Retry(total=3, connect=None, read=None, redirect=None, status=None) 
11/01/2021 10:53:55 AM::DEBUG::Starting new HTTPS connection (1): igtec-kanbanboard-default-rtdb.firebaseio.com:443 
11/01/2021 10:53:55 AM::DEBUG::https://igtec-kanbanboard-default-rtdb.firebaseio.com:443 "GET /igorsantos314.json HTTP/1.1" 200 306 
11/01/2021 10:57:27 AM::DEBUG::Converted retries value: 3 -> Retry(total=3, connect=None, read=None, redirect=None, status=None) 
11/01/2021 10:57:27 AM::DEBUG::Starting new HTTPS connection (1): igtec-kanbanboard-default-rtdb.firebaseio.com:443 
11/01/2021 10:57:28 AM::DEBUG::https://igtec-kanbanboard-default-rtdb.firebaseio.com:443 "GET /igorsantos314.json HTTP/1.1" 200 306 
11/01/2021 11:10:00 AM::DEBUG::Converted retries value: 3 -> Retry(total=3, connect=None, read=None, redirect=None, status=None) 
11/01/2021 11:10:00 AM::DEBUG::Starting new HTTPS connection (1): igtec-kanbanboard-default-rtdb.firebaseio.com:443 
11/01/2021 11:10:01 AM::DEBUG::https://igtec-kanbanboard-default-rtdb.firebaseio.com:443 "GET /igorsantos314.json HTTP/1.1" 200 306 
11/01/2021 11:10:48 AM::DEBUG::Converted retries value: 3 -> Retry(total=3, connect=None, read=None, redirect=None, status=None) 
11/01/2021 11:10:48 AM::DEBUG::Starting new HTTPS connection (1): igtec-kanbanboard-default-rtdb.firebaseio.com:443 
11/01/2021 11:10:48 AM::DEBUG::https://igtec-kanbanboard-default-rtdb.firebaseio.com:443 "GET /igorsantos314.json HTTP/1.1" 200 306 
11/01/2021 11:11:53 AM::DEBUG::Converted retries value: 3 -> Retry(total=3, connect=None, read=None, redirect=None, status=None) 
11/01/2021 11:11:53 AM::DEBUG::Starting new HTTPS connection (1): igtec-kanbanboard-default-rtdb.firebaseio.com:443 
11/01/2021 11:11:53 AM::DEBUG::https://igtec-kanbanboard-default-rtdb.firebaseio.com:443 "GET /igorsantos314.json HTTP/1.1" 200 306 
11/01/2021 11:12:09 AM::DEBUG::Converted retries value: 3 -> Retry(total=3, connect=None, read=None, redirect=None, status=None) 
11/01/2021 11:12:09 AM::DEBUG::Starting new HTTPS connection (1): igtec-kanbanboard-default-rtdb.firebaseio.com:443 
11/01/2021 11:12:10 AM::DEBUG::https://igtec-kanbanboard-default-rtdb.firebaseio.com:443 "GET /igorsantos314.json HTTP/1.1" 200 306 
11/01/2021 11:13:16 AM::DEBUG::Converted retries value: 3 -> Retry(total=3, connect=None, read=None, redirect=None, status=None) 
11/01/2021 11:13:16 AM::DEBUG::Starting new HTTPS connection (1): igtec-kanbanboard-default-rtdb.firebaseio.com:443 
11/01/2021 11:13:17 AM::DEBUG::https://igtec-kanbanboard-default-rtdb.firebaseio.com:443 "GET /igorsantos314.json HTTP/1.1" 200 306 
11/01/2021 11:14:02 AM::DEBUG::Converted retries value: 3 -> Retry(total=3, connect=None, read=None, redirect=None, status=None) 
11/01/2021 11:14:02 AM::DEBUG::Starting new HTTPS connection (1): igtec-kanbanboard-default-rtdb.firebaseio.com:443 
11/01/2021 11:14:03 AM::DEBUG::https://igtec-kanbanboard-default-rtdb.firebaseio.com:443 "GET /igorsantos314.json HTTP/1.1" 200 306 
11/01/2021 11:14:42 AM::DEBUG::Converted retries value: 3 -> Retry(total=3, connect=None, read=None, redirect=None, status=None) 
11/01/2021 11:14:42 AM::DEBUG::Starting new HTTPS connection (1): igtec-kanbanboard-default-rtdb.firebaseio.com:443 
11/01/2021 11:14:42 AM::DEBUG::https://igtec-kanbanboard-default-rtdb.firebaseio.com:443 "GET /igorsantos314.json HTTP/1.1" 200 306 
11/01/2021 11:14:54 AM::DEBUG::Converted retries value: 3 -> Retry(total=3, connect=None, read=None, redirect=None, status=None) 
11/01/2021 11:14:54 AM::DEBUG::Starting new HTTPS connection (1): igtec-kanbanboard-default-rtdb.firebaseio.com:443 
11/01/2021 11:14:55 AM::DEBUG::https://igtec-kanbanboard-default-rtdb.firebaseio.com:443 "GET /igorsantos314.json HTTP/1.1" 200 306 
11/01/2021 11:16:16 AM::DEBUG::Converted retries value: 3 -> Retry(total=3, connect=None, read=None, redirect=None, status=None) 
11/01/2021 11:16:16 AM::DEBUG::Starting new HTTPS connection (1): igtec-kanbanboard-default-rtdb.firebaseio.com:443 
11/01/2021 11:16:17 AM::DEBUG::https://igtec-kanbanboard-default-rtdb.firebaseio.com:443 "GET /igorsantos314.json HTTP/1.1" 200 306 
11/01/2021 11:16:35 AM::DEBUG::Converted retries value: 3 -> Retry(total=3, connect=None, read=None, redirect=None, status=None) 
11/01/2021 11:16:35 AM::DEBUG::Starting new HTTPS connection (1): igtec-kanbanboard-default-rtdb.firebaseio.com:443 
11/01/2021 11:16:36 AM::DEBUG::https://igtec-kanbanboard-default-rtdb.firebaseio.com:443 "GET /igorsantos314.json HTTP/1.1" 200 306 
11/01/2021 11:19:47 AM::DEBUG::Converted retries value: 3 -> Retry(total=3, connect=None, read=None, redirect=None, status=None) 
11/01/2021 11:19:47 AM::DEBUG::Starting new HTTPS connection (1): igtec-kanbanboard-default-rtdb.firebaseio.com:443 
11/01/2021 11:19:48 AM::DEBUG::https://igtec-kanbanboard-default-rtdb.firebaseio.com:443 "GET /igorsantos314.json HTTP/1.1" 200 306 
11/01/2021 11:21:09 AM::DEBUG::Converted retries value: 3 -> Retry(total=3, connect=None, read=None, redirect=None, status=None) 
11/01/2021 11:21:09 AM::DEBUG::Starting new HTTPS connection (1): igtec-kanbanboard-default-rtdb.firebaseio.com:443 
11/01/2021 11:21:09 AM::DEBUG::https://igtec-kanbanboard-default-rtdb.firebaseio.com:443 "GET /igorsantos314.json HTTP/1.1" 200 306 
11/01/2021 11:23:16 AM::DEBUG::Converted retries value: 3 -> Retry(total=3, connect=None, read=None, redirect=None, status=None) 
11/01/2021 11:23:16 AM::DEBUG::Starting new HTTPS connection (1): igtec-kanbanboard-default-rtdb.firebaseio.com:443 
11/01/2021 11:23:17 AM::DEBUG::https://igtec-kanbanboard-default-rtdb.firebaseio.com:443 "GET /igorsantos314.json HTTP/1.1" 200 306 
11/01/2021 11:23:37 AM::DEBUG::Converted retries value: 3 -> Retry(total=3, connect=None, read=None, redirect=None, status=None) 
11/01/2021 11:23:37 AM::DEBUG::Starting new HTTPS connection (1): igtec-kanbanboard-default-rtdb.firebaseio.com:443 
11/01/2021 11:23:37 AM::DEBUG::https://igtec-kanbanboard-default-rtdb.firebaseio.com:443 "GET /igorsantos314.json HTTP/1.1" 200 306 
11/01/2021 11:24:04 AM::DEBUG::Converted retries value: 3 -> Retry(total=3, connect=None, read=None, redirect=None, status=None) 
11/01/2021 11:24:04 AM::DEBUG::Starting new HTTPS connection (1): igtec-kanbanboard-default-rtdb.firebaseio.com:443 
11/01/2021 11:24:05 AM::DEBUG::https://igtec-kanbanboard-default-rtdb.firebaseio.com:443 "GET /igorsantos314.json HTTP/1.1" 200 306 
11/01/2021 11:24:17 AM::DEBUG::Converted retries value: 3 -> Retry(total=3, connect=None, read=None, redirect=None, status=None) 
11/01/2021 11:24:17 AM::DEBUG::Starting new HTTPS connection (1): igtec-kanbanboard-default-rtdb.firebaseio.com:443 
11/01/2021 11:24:18 AM::DEBUG::https://igtec-kanbanboard-default-rtdb.firebaseio.com:443 "GET /igorsantos314.json HTTP/1.1" 200 306 
11/01/2021 11:24:33 AM::DEBUG::Converted retries value: 3 -> Retry(total=3, connect=None, read=None, redirect=None, status=None) 
11/01/2021 11:24:33 AM::DEBUG::Starting new HTTPS connection (1): igtec-kanbanboard-default-rtdb.firebaseio.com:443 
11/01/2021 11:24:34 AM::DEBUG::https://igtec-kanbanboard-default-rtdb.firebaseio.com:443 "GET /igorsantos314.json HTTP/1.1" 200 306 
11/01/2021 11:24:45 AM::DEBUG::Converted retries value: 3 -> Retry(total=3, connect=None, read=None, redirect=None, status=None) 
11/01/2021 11:24:45 AM::DEBUG::Starting new HTTPS connection (1): igtec-kanbanboard-default-rtdb.firebaseio.com:443 
11/01/2021 11:24:46 AM::DEBUG::https://igtec-kanbanboard-default-rtdb.firebaseio.com:443 "GET /igorsantos314.json HTTP/1.1" 200 306 
11/01/2021 11:25:44 AM::DEBUG::Converted retries value: 3 -> Retry(total=3, connect=None, read=None, redirect=None, status=None) 
11/01/2021 11:25:44 AM::DEBUG::Starting new HTTPS connection (1): igtec-kanbanboard-default-rtdb.firebaseio.com:443 
11/01/2021 11:25:45 AM::DEBUG::https://igtec-kanbanboard-default-rtdb.firebaseio.com:443 "GET /igorsantos314.json HTTP/1.1" 200 306 
11/01/2021 11:26:01 AM::DEBUG::Converted retries value: 3 -> Retry(total=3, connect=None, read=None, redirect=None, status=None) 
11/01/2021 11:26:01 AM::DEBUG::Starting new HTTPS connection (1): igtec-kanbanboard-default-rtdb.firebaseio.com:443 
11/01/2021 11:26:02 AM::DEBUG::https://igtec-kanbanboard-default-rtdb.firebaseio.com:443 "GET /igorsantos314.json HTTP/1.1" 200 306 
11/01/2021 11:26:16 AM::DEBUG::Converted retries value: 3 -> Retry(total=3, connect=None, read=None, redirect=None, status=None) 
11/01/2021 11:26:16 AM::DEBUG::Starting new HTTPS connection (1): igtec-kanbanboard-default-rtdb.firebaseio.com:443 
11/01/2021 11:26:16 AM::DEBUG::https://igtec-kanbanboard-default-rtdb.firebaseio.com:443 "GET /igorsantos314.json HTTP/1.1" 200 306 
11/01/2021 11:27:52 AM::DEBUG::Converted retries value: 3 -> Retry(total=3, connect=None, read=None, redirect=None, status=None) 
11/01/2021 11:27:52 AM::DEBUG::Starting new HTTPS connection (1): igtec-kanbanboard-default-rtdb.firebaseio.com:443 
11/01/2021 11:27:52 AM::DEBUG::https://igtec-kanbanboard-default-rtdb.firebaseio.com:443 "GET /igorsantos314.json HTTP/1.1" 200 306 
11/01/2021 11:28:07 AM::DEBUG::Converted retries value: 3 -> Retry(total=3, connect=None, read=None, redirect=None, status=None) 
11/01/2021 11:28:07 AM::DEBUG::Starting new HTTPS connection (1): igtec-kanbanboard-default-rtdb.firebaseio.com:443 
11/01/2021 11:28:08 AM::DEBUG::https://igtec-kanbanboard-default-rtdb.firebaseio.com:443 "GET /igorsantos314.json HTTP/1.1" 200 306 
11/01/2021 11:28:24 AM::DEBUG::Converted retries value: 3 -> Retry(total=3, connect=None, read=None, redirect=None, status=None) 
11/01/2021 11:28:24 AM::DEBUG::Starting new HTTPS connection (1): igtec-kanbanboard-default-rtdb.firebaseio.com:443 
11/01/2021 11:28:25 AM::DEBUG::https://igtec-kanbanboard-default-rtdb.firebaseio.com:443 "GET /igorsantos314.json HTTP/1.1" 200 306 
11/01/2021 11:29:02 AM::DEBUG::Converted retries value: 3 -> Retry(total=3, connect=None, read=None, redirect=None, status=None) 
11/01/2021 11:29:02 AM::DEBUG::Starting new HTTPS connection (1): igtec-kanbanboard-default-rtdb.firebaseio.com:443 
11/01/2021 11:29:03 AM::DEBUG::https://igtec-kanbanboard-default-rtdb.firebaseio.com:443 "GET /igorsantos314.json HTTP/1.1" 200 306 
11/01/2021 11:29:31 AM::DEBUG::Converted retries value: 3 -> Retry(total=3, connect=None, read=None, redirect=None, status=None) 
11/01/2021 11:29:31 AM::DEBUG::Starting new HTTPS connection (1): igtec-kanbanboard-default-rtdb.firebaseio.com:443 
11/01/2021 11:29:31 AM::DEBUG::https://igtec-kanbanboard-default-rtdb.firebaseio.com:443 "GET /igorsantos314.json HTTP/1.1" 200 306 
11/01/2021 11:29:51 AM::DEBUG::Converted retries value: 3 -> Retry(total=3, connect=None, read=None, redirect=None, status=None) 
11/01/2021 11:29:51 AM::DEBUG::Starting new HTTPS connection (1): igtec-kanbanboard-default-rtdb.firebaseio.com:443 
11/01/2021 11:29:52 AM::DEBUG::https://igtec-kanbanboard-default-rtdb.firebaseio.com:443 "GET /igorsantos314.json HTTP/1.1" 200 306 
11/01/2021 11:30:30 AM::DEBUG::Converted retries value: 3 -> Retry(total=3, connect=None, read=None, redirect=None, status=None) 
11/01/2021 11:30:30 AM::DEBUG::Starting new HTTPS connection (1): igtec-kanbanboard-default-rtdb.firebaseio.com:443 
11/01/2021 11:30:30 AM::DEBUG::https://igtec-kanbanboard-default-rtdb.firebaseio.com:443 "GET /igorsantos314.json HTTP/1.1" 200 306 
11/01/2021 11:31:58 AM::DEBUG::Converted retries value: 3 -> Retry(total=3, connect=None, read=None, redirect=None, status=None) 
11/01/2021 11:31:58 AM::DEBUG::Starting new HTTPS connection (1): igtec-kanbanboard-default-rtdb.firebaseio.com:443 
11/01/2021 11:31:59 AM::DEBUG::https://igtec-kanbanboard-default-rtdb.firebaseio.com:443 "GET /igorsantos314.json HTTP/1.1" 200 306 
11/01/2021 11:32:21 AM::DEBUG::Converted retries value: 3 -> Retry(total=3, connect=None, read=None, redirect=None, status=None) 
11/01/2021 11:32:21 AM::DEBUG::Starting new HTTPS connection (1): igtec-kanbanboard-default-rtdb.firebaseio.com:443 
11/01/2021 11:32:22 AM::DEBUG::https://igtec-kanbanboard-default-rtdb.firebaseio.com:443 "GET /igorsantos314.json HTTP/1.1" 200 306 
11/01/2021 11:32:51 AM::DEBUG::Converted retries value: 3 -> Retry(total=3, connect=None, read=None, redirect=None, status=None) 
11/01/2021 11:32:51 AM::DEBUG::Starting new HTTPS connection (1): igtec-kanbanboard-default-rtdb.firebaseio.com:443 
11/01/2021 11:32:51 AM::DEBUG::https://igtec-kanbanboard-default-rtdb.firebaseio.com:443 "GET /igorsantos314.json HTTP/1.1" 200 306 
11/01/2021 11:33:32 AM::DEBUG::Converted retries value: 3 -> Retry(total=3, connect=None, read=None, redirect=None, status=None) 
11/01/2021 11:33:32 AM::DEBUG::Starting new HTTPS connection (1): igtec-kanbanboard-default-rtdb.firebaseio.com:443 
11/01/2021 11:33:33 AM::DEBUG::https://igtec-kanbanboard-default-rtdb.firebaseio.com:443 "GET /igorsantos314.json HTTP/1.1" 200 306 
11/01/2021 11:34:42 AM::DEBUG::Converted retries value: 3 -> Retry(total=3, connect=None, read=None, redirect=None, status=None) 
11/01/2021 11:34:42 AM::DEBUG::Starting new HTTPS connection (1): igtec-kanbanboard-default-rtdb.firebaseio.com:443 
11/01/2021 11:34:42 AM::DEBUG::https://igtec-kanbanboard-default-rtdb.firebaseio.com:443 "GET /igorsantos314.json HTTP/1.1" 200 306 
11/01/2021 11:35:43 AM::DEBUG::Converted retries value: 3 -> Retry(total=3, connect=None, read=None, redirect=None, status=None) 
11/01/2021 11:35:43 AM::DEBUG::Starting new HTTPS connection (1): igtec-kanbanboard-default-rtdb.firebaseio.com:443 
11/01/2021 11:35:44 AM::DEBUG::https://igtec-kanbanboard-default-rtdb.firebaseio.com:443 "GET /igorsantos314.json HTTP/1.1" 200 306 
11/01/2021 11:38:49 AM::DEBUG::Converted retries value: 3 -> Retry(total=3, connect=None, read=None, redirect=None, status=None) 
11/01/2021 11:38:49 AM::DEBUG::Starting new HTTPS connection (1): igtec-kanbanboard-default-rtdb.firebaseio.com:443 
11/01/2021 11:38:49 AM::DEBUG::https://igtec-kanbanboard-default-rtdb.firebaseio.com:443 "GET /igorsantos314.json HTTP/1.1" 200 306 
11/01/2021 11:39:18 AM::DEBUG::Converted retries value: 3 -> Retry(total=3, connect=None, read=None, redirect=None, status=None) 
11/01/2021 11:39:18 AM::DEBUG::Starting new HTTPS connection (1): igtec-kanbanboard-default-rtdb.firebaseio.com:443 
11/01/2021 11:39:18 AM::DEBUG::https://igtec-kanbanboard-default-rtdb.firebaseio.com:443 "GET /igorsantos314.json HTTP/1.1" 200 306 
11/01/2021 11:39:45 AM::DEBUG::Converted retries value: 3 -> Retry(total=3, connect=None, read=None, redirect=None, status=None) 
11/01/2021 11:39:45 AM::DEBUG::Starting new HTTPS connection (1): igtec-kanbanboard-default-rtdb.firebaseio.com:443 
11/01/2021 11:39:45 AM::DEBUG::https://igtec-kanbanboard-default-rtdb.firebaseio.com:443 "GET /igorsantos314.json HTTP/1.1" 200 306 
11/01/2021 11:40:06 AM::DEBUG::Converted retries value: 3 -> Retry(total=3, connect=None, read=None, redirect=None, status=None) 
11/01/2021 11:40:06 AM::DEBUG::Starting new HTTPS connection (1): igtec-kanbanboard-default-rtdb.firebaseio.com:443 
11/01/2021 11:40:06 AM::DEBUG::https://igtec-kanbanboard-default-rtdb.firebaseio.com:443 "GET /igorsantos314.json HTTP/1.1" 200 306 
11/01/2021 11:49:36 AM::DEBUG::Converted retries value: 3 -> Retry(total=3, connect=None, read=None, redirect=None, status=None) 
11/01/2021 11:49:36 AM::DEBUG::Starting new HTTPS connection (1): igtec-kanbanboard-default-rtdb.firebaseio.com:443 
11/01/2021 11:49:37 AM::DEBUG::https://igtec-kanbanboard-default-rtdb.firebaseio.com:443 "GET /igorsantos314.json HTTP/1.1" 200 306 
11/01/2021 12:01:55 PM::DEBUG::Converted retries value: 3 -> Retry(total=3, connect=None, read=None, redirect=None, status=None) 
11/01/2021 12:01:55 PM::DEBUG::Starting new HTTPS connection (1): igtec-kanbanboard-default-rtdb.firebaseio.com:443 
11/01/2021 12:01:56 PM::DEBUG::https://igtec-kanbanboard-default-rtdb.firebaseio.com:443 "GET /igorsantos314.json HTTP/1.1" 200 378 
11/01/2021 12:02:23 PM::DEBUG::Converted retries value: 3 -> Retry(total=3, connect=None, read=None, redirect=None, status=None) 
11/01/2021 12:02:23 PM::DEBUG::Starting new HTTPS connection (1): igtec-kanbanboard-default-rtdb.firebaseio.com:443 
11/01/2021 12:02:24 PM::DEBUG::https://igtec-kanbanboard-default-rtdb.firebaseio.com:443 "GET /igorsantos314.json HTTP/1.1" 200 378 
11/01/2021 12:03:22 PM::DEBUG::Converted retries value: 3 -> Retry(total=3, connect=None, read=None, redirect=None, status=None) 
11/01/2021 12:03:22 PM::DEBUG::Starting new HTTPS connection (1): igtec-kanbanboard-default-rtdb.firebaseio.com:443 
11/01/2021 12:03:22 PM::DEBUG::https://igtec-kanbanboard-default-rtdb.firebaseio.com:443 "GET /igorsantos314.json HTTP/1.1" 200 379 
11/01/2021 12:04:25 PM::DEBUG::Converted retries value: 3 -> Retry(total=3, connect=None, read=None, redirect=None, status=None) 
11/01/2021 12:04:25 PM::DEBUG::Starting new HTTPS connection (1): igtec-kanbanboard-default-rtdb.firebaseio.com:443 
11/01/2021 12:04:26 PM::DEBUG::https://igtec-kanbanboard-default-rtdb.firebaseio.com:443 "GET /igorsantos314.json HTTP/1.1" 200 379 
11/01/2021 12:05:58 PM::DEBUG::Converted retries value: 3 -> Retry(total=3, connect=None, read=None, redirect=None, status=None) 
11/01/2021 12:05:58 PM::DEBUG::Starting new HTTPS connection (1): igtec-kanbanboard-default-rtdb.firebaseio.com:443 
11/01/2021 12:05:59 PM::DEBUG::https://igtec-kanbanboard-default-rtdb.firebaseio.com:443 "GET /igorsantos314.json HTTP/1.1" 200 379 
11/01/2021 12:06:33 PM::DEBUG::Converted retries value: 3 -> Retry(total=3, connect=None, read=None, redirect=None, status=None) 
11/01/2021 12:06:33 PM::DEBUG::Starting new HTTPS connection (1): igtec-kanbanboard-default-rtdb.firebaseio.com:443 
11/01/2021 12:06:34 PM::DEBUG::https://igtec-kanbanboard-default-rtdb.firebaseio.com:443 "GET /igorsantos314.json HTTP/1.1" 200 379 
11/01/2021 12:06:56 PM::DEBUG::Converted retries value: 3 -> Retry(total=3, connect=None, read=None, redirect=None, status=None) 
11/01/2021 12:06:56 PM::DEBUG::Starting new HTTPS connection (1): igtec-kanbanboard-default-rtdb.firebaseio.com:443 
11/01/2021 12:06:57 PM::DEBUG::https://igtec-kanbanboard-default-rtdb.firebaseio.com:443 "GET /igorsantos314.json HTTP/1.1" 200 379 
11/01/2021 12:07:11 PM::DEBUG::Converted retries value: 3 -> Retry(total=3, connect=None, read=None, redirect=None, status=None) 
11/01/2021 12:07:11 PM::DEBUG::Starting new HTTPS connection (1): igtec-kanbanboard-default-rtdb.firebaseio.com:443 
11/01/2021 12:07:11 PM::DEBUG::https://igtec-kanbanboard-default-rtdb.firebaseio.com:443 "GET /igorsantos314.json HTTP/1.1" 200 379 
11/01/2021 12:08:27 PM::DEBUG::Converted retries value: 3 -> Retry(total=3, connect=None, read=None, redirect=None, status=None) 
11/01/2021 12:08:27 PM::DEBUG::Starting new HTTPS connection (1): igtec-kanbanboard-default-rtdb.firebaseio.com:443 
11/01/2021 12:08:27 PM::DEBUG::https://igtec-kanbanboard-default-rtdb.firebaseio.com:443 "GET /igorsantos314.json HTTP/1.1" 200 379 
11/01/2021 12:11:46 PM::DEBUG::Converted retries value: 3 -> Retry(total=3, connect=None, read=None, redirect=None, status=None) 
11/01/2021 12:11:46 PM::DEBUG::Starting new HTTPS connection (1): igtec-kanbanboard-default-rtdb.firebaseio.com:443 
11/01/2021 12:11:47 PM::DEBUG::https://igtec-kanbanboard-default-rtdb.firebaseio.com:443 "GET /igorsantos314.json HTTP/1.1" 200 491 
11/01/2021 12:12:37 PM::DEBUG::Converted retries value: 3 -> Retry(total=3, connect=None, read=None, redirect=None, status=None) 
11/01/2021 12:12:37 PM::DEBUG::Starting new HTTPS connection (1): igtec-kanbanboard-default-rtdb.firebaseio.com:443 
11/01/2021 12:12:38 PM::DEBUG::https://igtec-kanbanboard-default-rtdb.firebaseio.com:443 "GET /igorsantos314.json HTTP/1.1" 200 491 
11/01/2021 12:13:37 PM::DEBUG::Converted retries value: 3 -> Retry(total=3, connect=None, read=None, redirect=None, status=None) 
11/01/2021 12:13:37 PM::DEBUG::Starting new HTTPS connection (1): igtec-kanbanboard-default-rtdb.firebaseio.com:443 
11/01/2021 12:13:38 PM::DEBUG::https://igtec-kanbanboard-default-rtdb.firebaseio.com:443 "GET /igorsantos314.json HTTP/1.1" 200 457 
11/01/2021 12:26:14 PM::DEBUG::Converted retries value: 3 -> Retry(total=3, connect=None, read=None, redirect=None, status=None) 
11/01/2021 12:26:14 PM::DEBUG::Starting new HTTPS connection (1): igtec-kanbanboard-default-rtdb.firebaseio.com:443 
11/01/2021 12:26:15 PM::DEBUG::https://igtec-kanbanboard-default-rtdb.firebaseio.com:443 "GET /igorsantos314.json HTTP/1.1" 200 545 
11/01/2021 12:28:20 PM::DEBUG::Converted retries value: 3 -> Retry(total=3, connect=None, read=None, redirect=None, status=None) 
11/01/2021 12:28:20 PM::DEBUG::Starting new HTTPS connection (1): igtec-kanbanboard-default-rtdb.firebaseio.com:443 
11/01/2021 12:28:21 PM::DEBUG::https://igtec-kanbanboard-default-rtdb.firebaseio.com:443 "GET /igorsantos314.json HTTP/1.1" 200 625 
11/01/2021 12:28:52 PM::DEBUG::Converted retries value: 3 -> Retry(total=3, connect=None, read=None, redirect=None, status=None) 
11/01/2021 12:28:52 PM::DEBUG::Starting new HTTPS connection (1): igtec-kanbanboard-default-rtdb.firebaseio.com:443 
11/01/2021 12:28:53 PM::DEBUG::https://igtec-kanbanboard-default-rtdb.firebaseio.com:443 "GET /igorsantos314.json HTTP/1.1" 200 625 
11/01/2021 12:29:12 PM::DEBUG::Converted retries value: 3 -> Retry(total=3, connect=None, read=None, redirect=None, status=None) 
11/01/2021 12:29:12 PM::DEBUG::Starting new HTTPS connection (1): igtec-kanbanboard-default-rtdb.firebaseio.com:443 
11/01/2021 12:29:13 PM::DEBUG::https://igtec-kanbanboard-default-rtdb.firebaseio.com:443 "GET /igorsantos314.json HTTP/1.1" 200 625 
11/01/2021 12:30:28 PM::DEBUG::Converted retries value: 3 -> Retry(total=3, connect=None, read=None, redirect=None, status=None) 
11/01/2021 12:30:28 PM::DEBUG::Starting new HTTPS connection (1): igtec-kanbanboard-default-rtdb.firebaseio.com:443 
11/01/2021 12:30:29 PM::DEBUG::https://igtec-kanbanboard-default-rtdb.firebaseio.com:443 "GET /igorsantos314.json HTTP/1.1" 200 706 
11/01/2021 12:31:01 PM::DEBUG::Converted retries value: 3 -> Retry(total=3, connect=None, read=None, redirect=None, status=None) 
11/01/2021 12:31:01 PM::DEBUG::Starting new HTTPS connection (1): igtec-kanbanboard-default-rtdb.firebaseio.com:443 
11/01/2021 12:31:02 PM::DEBUG::https://igtec-kanbanboard-default-rtdb.firebaseio.com:443 "GET /igorsantos314.json HTTP/1.1" 200 706 
11/01/2021 12:32:31 PM::DEBUG::Converted retries value: 3 -> Retry(total=3, connect=None, read=None, redirect=None, status=None) 
11/01/2021 12:32:31 PM::DEBUG::Starting new HTTPS connection (1): igtec-kanbanboard-default-rtdb.firebaseio.com:443 
11/01/2021 12:32:32 PM::DEBUG::https://igtec-kanbanboard-default-rtdb.firebaseio.com:443 "GET /igorsantos314.json HTTP/1.1" 200 700 
11/01/2021 12:33:04 PM::DEBUG::Converted retries value: 3 -> Retry(total=3, connect=None, read=None, redirect=None, status=None) 
11/01/2021 12:33:04 PM::DEBUG::Starting new HTTPS connection (1): igtec-kanbanboard-default-rtdb.firebaseio.com:443 
11/01/2021 12:33:04 PM::DEBUG::https://igtec-kanbanboard-default-rtdb.firebaseio.com:443 "GET /igorsantos314.json HTTP/1.1" 200 707 
11/01/2021 12:52:57 PM::DEBUG::Converted retries value: 3 -> Retry(total=3, connect=None, read=None, redirect=None, status=None) 
11/01/2021 12:52:57 PM::DEBUG::Starting new HTTPS connection (1): igtec-kanbanboard-default-rtdb.firebaseio.com:443 
11/01/2021 12:52:58 PM::DEBUG::https://igtec-kanbanboard-default-rtdb.firebaseio.com:443 "GET /igorsantos314.json HTTP/1.1" 200 707 
11/01/2021 12:53:25 PM::DEBUG::Converted retries value: 3 -> Retry(total=3, connect=None, read=None, redirect=None, status=None) 
11/01/2021 12:53:25 PM::DEBUG::Starting new HTTPS connection (1): igtec-kanbanboard-default-rtdb.firebaseio.com:443 
11/01/2021 12:53:26 PM::DEBUG::https://igtec-kanbanboard-default-rtdb.firebaseio.com:443 "GET /igorsantos314.json HTTP/1.1" 200 707 
11/01/2021 12:53:44 PM::DEBUG::Converted retries value: 3 -> Retry(total=3, connect=None, read=None, redirect=None, status=None) 
11/01/2021 12:53:44 PM::DEBUG::Starting new HTTPS connection (1): igtec-kanbanboard-default-rtdb.firebaseio.com:443 
11/01/2021 12:53:45 PM::DEBUG::https://igtec-kanbanboard-default-rtdb.firebaseio.com:443 "GET /igorsantos314.json HTTP/1.1" 200 707 
11/01/2021 12:54:27 PM::DEBUG::Converted retries value: 3 -> Retry(total=3, connect=None, read=None, redirect=None, status=None) 
11/01/2021 12:54:27 PM::DEBUG::Starting new HTTPS connection (1): igtec-kanbanboard-default-rtdb.firebaseio.com:443 
11/01/2021 12:54:28 PM::DEBUG::https://igtec-kanbanboard-default-rtdb.firebaseio.com:443 "GET /igorsantos314.json HTTP/1.1" 200 707 
11/01/2021 12:55:06 PM::DEBUG::Converted retries value: 3 -> Retry(total=3, connect=None, read=None, redirect=None, status=None) 
11/01/2021 12:55:06 PM::DEBUG::Starting new HTTPS connection (1): igtec-kanbanboard-default-rtdb.firebaseio.com:443 
11/01/2021 12:55:06 PM::DEBUG::https://igtec-kanbanboard-default-rtdb.firebaseio.com:443 "GET /igorsantos314.json HTTP/1.1" 200 707 
11/01/2021 12:57:14 PM::DEBUG::Converted retries value: 3 -> Retry(total=3, connect=None, read=None, redirect=None, status=None) 
11/01/2021 12:57:14 PM::DEBUG::Starting new HTTPS connection (1): igtec-kanbanboard-default-rtdb.firebaseio.com:443 
11/01/2021 12:57:15 PM::DEBUG::https://igtec-kanbanboard-default-rtdb.firebaseio.com:443 "GET /igorsantos314.json HTTP/1.1" 200 842 
11/01/2021 12:58:28 PM::DEBUG::Converted retries value: 3 -> Retry(total=3, connect=None, read=None, redirect=None, status=None) 
11/01/2021 12:58:28 PM::DEBUG::Starting new HTTPS connection (1): igtec-kanbanboard-default-rtdb.firebaseio.com:443 
11/01/2021 12:58:29 PM::DEBUG::https://igtec-kanbanboard-default-rtdb.firebaseio.com:443 "GET /igorsantos314.json HTTP/1.1" 200 842 
11/01/2021 12:59:08 PM::DEBUG::Converted retries value: 3 -> Retry(total=3, connect=None, read=None, redirect=None, status=None) 
11/01/2021 12:59:08 PM::DEBUG::Starting new HTTPS connection (1): igtec-kanbanboard-default-rtdb.firebaseio.com:443 
11/01/2021 12:59:08 PM::DEBUG::https://igtec-kanbanboard-default-rtdb.firebaseio.com:443 "GET /igorsantos314.json HTTP/1.1" 200 842 
11/01/2021 12:59:33 PM::DEBUG::Converted retries value: 3 -> Retry(total=3, connect=None, read=None, redirect=None, status=None) 
11/01/2021 12:59:33 PM::DEBUG::Starting new HTTPS connection (1): igtec-kanbanboard-default-rtdb.firebaseio.com:443 
11/01/2021 12:59:34 PM::DEBUG::https://igtec-kanbanboard-default-rtdb.firebaseio.com:443 "GET /igorsantos314.json HTTP/1.1" 200 842 
11/01/2021 12:59:50 PM::DEBUG::Converted retries value: 3 -> Retry(total=3, connect=None, read=None, redirect=None, status=None) 
11/01/2021 12:59:50 PM::DEBUG::Starting new HTTPS connection (1): igtec-kanbanboard-default-rtdb.firebaseio.com:443 
11/01/2021 12:59:50 PM::DEBUG::https://igtec-kanbanboard-default-rtdb.firebaseio.com:443 "GET /igorsantos314.json HTTP/1.1" 200 842 
11/01/2021 01:00:14 PM::DEBUG::Converted retries value: 3 -> Retry(total=3, connect=None, read=None, redirect=None, status=None) 
11/01/2021 01:00:14 PM::DEBUG::Starting new HTTPS connection (1): igtec-kanbanboard-default-rtdb.firebaseio.com:443 
11/01/2021 01:00:15 PM::DEBUG::https://igtec-kanbanboard-default-rtdb.firebaseio.com:443 "GET /igorsantos314.json HTTP/1.1" 200 842 
11/01/2021 01:00:57 PM::DEBUG::Converted retries value: 3 -> Retry(total=3, connect=None, read=None, redirect=None, status=None) 
11/01/2021 01:00:57 PM::DEBUG::Starting new HTTPS connection (1): igtec-kanbanboard-default-rtdb.firebaseio.com:443 
11/01/2021 01:00:57 PM::DEBUG::https://igtec-kanbanboard-default-rtdb.firebaseio.com:443 "GET /igorsantos314.json HTTP/1.1" 200 842 
11/01/2021 01:01:15 PM::DEBUG::Converted retries value: 3 -> Retry(total=3, connect=None, read=None, redirect=None, status=None) 
11/01/2021 01:01:15 PM::DEBUG::Starting new HTTPS connection (1): igtec-kanbanboard-default-rtdb.firebaseio.com:443 
11/01/2021 01:01:16 PM::DEBUG::https://igtec-kanbanboard-default-rtdb.firebaseio.com:443 "GET /igorsantos314.json HTTP/1.1" 200 842 
11/01/2021 01:01:30 PM::DEBUG::Converted retries value: 3 -> Retry(total=3, connect=None, read=None, redirect=None, status=None) 
11/01/2021 01:01:30 PM::DEBUG::Starting new HTTPS connection (1): igtec-kanbanboard-default-rtdb.firebaseio.com:443 
11/01/2021 01:01:31 PM::DEBUG::https://igtec-kanbanboard-default-rtdb.firebaseio.com:443 "GET /igorsantos314.json HTTP/1.1" 200 842 
11/01/2021 01:02:03 PM::DEBUG::Converted retries value: 3 -> Retry(total=3, connect=None, read=None, redirect=None, status=None) 
11/01/2021 01:02:03 PM::DEBUG::Starting new HTTPS connection (1): igtec-kanbanboard-default-rtdb.firebaseio.com:443 
11/01/2021 01:02:03 PM::DEBUG::https://igtec-kanbanboard-default-rtdb.firebaseio.com:443 "GET /igorsantos314.json HTTP/1.1" 200 842 
11/01/2021 01:02:17 PM::DEBUG::Converted retries value: 3 -> Retry(total=3, connect=None, read=None, redirect=None, status=None) 
11/01/2021 01:02:17 PM::DEBUG::Starting new HTTPS connection (1): igtec-kanbanboard-default-rtdb.firebaseio.com:443 
11/01/2021 01:02:18 PM::DEBUG::https://igtec-kanbanboard-default-rtdb.firebaseio.com:443 "GET /igorsantos314.json HTTP/1.1" 200 842 
11/01/2021 01:03:15 PM::DEBUG::Converted retries value: 3 -> Retry(total=3, connect=None, read=None, redirect=None, status=None) 
11/01/2021 01:03:15 PM::DEBUG::Starting new HTTPS connection (1): igtec-kanbanboard-default-rtdb.firebaseio.com:443 
11/01/2021 01:03:15 PM::DEBUG::https://igtec-kanbanboard-default-rtdb.firebaseio.com:443 "GET /igorsantos314.json HTTP/1.1" 200 842 
11/01/2021 01:04:16 PM::DEBUG::Converted retries value: 3 -> Retry(total=3, connect=None, read=None, redirect=None, status=None) 
11/01/2021 01:04:16 PM::DEBUG::Starting new HTTPS connection (1): igtec-kanbanboard-default-rtdb.firebaseio.com:443 
11/01/2021 01:04:17 PM::DEBUG::https://igtec-kanbanboard-default-rtdb.firebaseio.com:443 "GET /igorsantos314.json HTTP/1.1" 200 842 
11/01/2021 01:05:01 PM::DEBUG::Converted retries value: 3 -> Retry(total=3, connect=None, read=None, redirect=None, status=None) 
11/01/2021 01:05:01 PM::DEBUG::Starting new HTTPS connection (1): igtec-kanbanboard-default-rtdb.firebaseio.com:443 
11/01/2021 01:05:02 PM::DEBUG::https://igtec-kanbanboard-default-rtdb.firebaseio.com:443 "GET /igorsantos314.json HTTP/1.1" 200 842 
11/01/2021 01:05:51 PM::DEBUG::Converted retries value: 3 -> Retry(total=3, connect=None, read=None, redirect=None, status=None) 
11/01/2021 01:05:51 PM::DEBUG::Starting new HTTPS connection (1): igtec-kanbanboard-default-rtdb.firebaseio.com:443 
11/01/2021 01:05:51 PM::DEBUG::https://igtec-kanbanboard-default-rtdb.firebaseio.com:443 "GET /igorsantos314.json HTTP/1.1" 200 842 
11/01/2021 01:06:24 PM::DEBUG::Converted retries value: 3 -> Retry(total=3, connect=None, read=None, redirect=None, status=None) 
11/01/2021 01:06:24 PM::DEBUG::Starting new HTTPS connection (1): igtec-kanbanboard-default-rtdb.firebaseio.com:443 
11/01/2021 01:06:25 PM::DEBUG::https://igtec-kanbanboard-default-rtdb.firebaseio.com:443 "GET /igorsantos314.json HTTP/1.1" 200 842 
11/01/2021 01:06:59 PM::DEBUG::Converted retries value: 3 -> Retry(total=3, connect=None, read=None, redirect=None, status=None) 
11/01/2021 01:06:59 PM::DEBUG::Starting new HTTPS connection (1): igtec-kanbanboard-default-rtdb.firebaseio.com:443 
11/01/2021 01:07:00 PM::DEBUG::https://igtec-kanbanboard-default-rtdb.firebaseio.com:443 "GET /igorsantos314.json HTTP/1.1" 200 842 
11/01/2021 01:07:28 PM::DEBUG::Converted retries value: 3 -> Retry(total=3, connect=None, read=None, redirect=None, status=None) 
11/01/2021 01:07:28 PM::DEBUG::Starting new HTTPS connection (1): igtec-kanbanboard-default-rtdb.firebaseio.com:443 
11/01/2021 01:07:29 PM::DEBUG::https://igtec-kanbanboard-default-rtdb.firebaseio.com:443 "GET /igorsantos314.json HTTP/1.1" 200 842 
11/01/2021 01:08:29 PM::DEBUG::Converted retries value: 3 -> Retry(total=3, connect=None, read=None, redirect=None, status=None) 
11/01/2021 01:08:29 PM::DEBUG::Starting new HTTPS connection (1): igtec-kanbanboard-default-rtdb.firebaseio.com:443 
11/01/2021 01:08:30 PM::DEBUG::https://igtec-kanbanboard-default-rtdb.firebaseio.com:443 "GET /igorsantos314.json HTTP/1.1" 200 842 
11/01/2021 01:08:47 PM::DEBUG::Converted retries value: 3 -> Retry(total=3, connect=None, read=None, redirect=None, status=None) 
11/01/2021 01:08:47 PM::DEBUG::Starting new HTTPS connection (1): igtec-kanbanboard-default-rtdb.firebaseio.com:443 
11/01/2021 01:08:48 PM::DEBUG::https://igtec-kanbanboard-default-rtdb.firebaseio.com:443 "GET /igorsantos314.json HTTP/1.1" 200 842 
11/01/2021 01:09:03 PM::DEBUG::Converted retries value: 3 -> Retry(total=3, connect=None, read=None, redirect=None, status=None) 
11/01/2021 01:09:03 PM::DEBUG::Starting new HTTPS connection (1): igtec-kanbanboard-default-rtdb.firebaseio.com:443 
11/01/2021 01:09:04 PM::DEBUG::https://igtec-kanbanboard-default-rtdb.firebaseio.com:443 "GET /igorsantos314.json HTTP/1.1" 200 842 
11/01/2021 01:09:40 PM::DEBUG::Converted retries value: 3 -> Retry(total=3, connect=None, read=None, redirect=None, status=None) 
11/01/2021 01:09:40 PM::DEBUG::Starting new HTTPS connection (1): igtec-kanbanboard-default-rtdb.firebaseio.com:443 
11/01/2021 01:09:41 PM::DEBUG::https://igtec-kanbanboard-default-rtdb.firebaseio.com:443 "GET /igorsantos314.json HTTP/1.1" 200 842 
11/01/2021 01:11:52 PM::DEBUG::Converted retries value: 3 -> Retry(total=3, connect=None, read=None, redirect=None, status=None) 
11/01/2021 01:11:52 PM::DEBUG::Starting new HTTPS connection (1): igtec-kanbanboard-default-rtdb.firebaseio.com:443 
11/01/2021 01:11:52 PM::DEBUG::https://igtec-kanbanboard-default-rtdb.firebaseio.com:443 "GET /igorsantos314.json HTTP/1.1" 200 842 
11/01/2021 01:12:26 PM::DEBUG::Converted retries value: 3 -> Retry(total=3, connect=None, read=None, redirect=None, status=None) 
11/01/2021 01:12:26 PM::DEBUG::Starting new HTTPS connection (1): igtec-kanbanboard-default-rtdb.firebaseio.com:443 
11/01/2021 01:12:26 PM::DEBUG::https://igtec-kanbanboard-default-rtdb.firebaseio.com:443 "GET /igorsantos314.json HTTP/1.1" 200 842 
11/01/2021 01:13:07 PM::DEBUG::Converted retries value: 3 -> Retry(total=3, connect=None, read=None, redirect=None, status=None) 
11/01/2021 01:13:07 PM::DEBUG::Starting new HTTPS connection (1): igtec-kanbanboard-default-rtdb.firebaseio.com:443 
11/01/2021 01:13:07 PM::DEBUG::https://igtec-kanbanboard-default-rtdb.firebaseio.com:443 "GET /igorsantos314.json HTTP/1.1" 200 842 
11/01/2021 01:13:25 PM::DEBUG::Converted retries value: 3 -> Retry(total=3, connect=None, read=None, redirect=None, status=None) 
11/01/2021 01:13:25 PM::DEBUG::Starting new HTTPS connection (1): igtec-kanbanboard-default-rtdb.firebaseio.com:443 
11/01/2021 01:13:25 PM::DEBUG::https://igtec-kanbanboard-default-rtdb.firebaseio.com:443 "GET /igorsantos314.json HTTP/1.1" 200 842 
11/01/2021 01:14:18 PM::DEBUG::Converted retries value: 3 -> Retry(total=3, connect=None, read=None, redirect=None, status=None) 
11/01/2021 01:14:18 PM::DEBUG::Starting new HTTPS connection (1): igtec-kanbanboard-default-rtdb.firebaseio.com:443 
11/01/2021 01:14:18 PM::DEBUG::https://igtec-kanbanboard-default-rtdb.firebaseio.com:443 "GET /igorsantos314.json HTTP/1.1" 200 842 
11/01/2021 01:14:33 PM::DEBUG::Converted retries value: 3 -> Retry(total=3, connect=None, read=None, redirect=None, status=None) 
11/01/2021 01:14:33 PM::DEBUG::Starting new HTTPS connection (1): igtec-kanbanboard-default-rtdb.firebaseio.com:443 
11/01/2021 01:14:34 PM::DEBUG::https://igtec-kanbanboard-default-rtdb.firebaseio.com:443 "GET /igorsantos314.json HTTP/1.1" 200 842 
11/01/2021 01:14:49 PM::DEBUG::Converted retries value: 3 -> Retry(total=3, connect=None, read=None, redirect=None, status=None) 
11/01/2021 01:14:49 PM::DEBUG::Starting new HTTPS connection (1): igtec-kanbanboard-default-rtdb.firebaseio.com:443 
11/01/2021 01:14:50 PM::DEBUG::https://igtec-kanbanboard-default-rtdb.firebaseio.com:443 "GET /igorsantos314.json HTTP/1.1" 200 842 
11/01/2021 01:15:32 PM::DEBUG::Converted retries value: 3 -> Retry(total=3, connect=None, read=None, redirect=None, status=None) 
11/01/2021 01:15:32 PM::DEBUG::Starting new HTTPS connection (1): igtec-kanbanboard-default-rtdb.firebaseio.com:443 
11/01/2021 01:15:33 PM::DEBUG::https://igtec-kanbanboard-default-rtdb.firebaseio.com:443 "GET /igorsantos314.json HTTP/1.1" 200 842 
11/01/2021 01:16:13 PM::DEBUG::Converted retries value: 3 -> Retry(total=3, connect=None, read=None, redirect=None, status=None) 
11/01/2021 01:16:13 PM::DEBUG::Starting new HTTPS connection (1): igtec-kanbanboard-default-rtdb.firebaseio.com:443 
11/01/2021 01:16:14 PM::DEBUG::https://igtec-kanbanboard-default-rtdb.firebaseio.com:443 "GET /igorsantos314.json HTTP/1.1" 200 842 
11/01/2021 05:45:56 PM::DEBUG::Converted retries value: 3 -> Retry(total=3, connect=None, read=None, redirect=None, status=None) 
11/01/2021 05:45:56 PM::DEBUG::Starting new HTTPS connection (1): igtec-kanbanboard-default-rtdb.firebaseio.com:443 
11/01/2021 05:45:57 PM::DEBUG::https://igtec-kanbanboard-default-rtdb.firebaseio.com:443 "GET /igorsantos314.json HTTP/1.1" 200 842 
11/01/2021 05:49:04 PM::DEBUG::Converted retries value: 3 -> Retry(total=3, connect=None, read=None, redirect=None, status=None) 
11/01/2021 05:49:04 PM::DEBUG::Starting new HTTPS connection (1): igtec-kanbanboard-default-rtdb.firebaseio.com:443 
11/01/2021 05:49:04 PM::DEBUG::https://igtec-kanbanboard-default-rtdb.firebaseio.com:443 "GET /igorsantos314.json HTTP/1.1" 200 842 
11/01/2021 05:49:57 PM::DEBUG::Converted retries value: 3 -> Retry(total=3, connect=None, read=None, redirect=None, status=None) 
11/01/2021 05:49:57 PM::DEBUG::Starting new HTTPS connection (1): igtec-kanbanboard-default-rtdb.firebaseio.com:443 
11/01/2021 05:49:58 PM::DEBUG::https://igtec-kanbanboard-default-rtdb.firebaseio.com:443 "GET /igorsantos314.json HTTP/1.1" 200 842 
11/01/2021 05:54:57 PM::DEBUG::Converted retries value: 3 -> Retry(total=3, connect=None, read=None, redirect=None, status=None) 
11/01/2021 05:54:57 PM::DEBUG::Starting new HTTPS connection (1): igtec-kanbanboard-default-rtdb.firebaseio.com:443 
11/01/2021 05:54:57 PM::DEBUG::https://igtec-kanbanboard-default-rtdb.firebaseio.com:443 "GET /igorsantos314.json HTTP/1.1" 200 842 
11/01/2021 05:55:45 PM::DEBUG::Converted retries value: 3 -> Retry(total=3, connect=None, read=None, redirect=None, status=None) 
11/01/2021 05:55:45 PM::DEBUG::Starting new HTTPS connection (1): igtec-kanbanboard-default-rtdb.firebaseio.com:443 
11/01/2021 05:55:46 PM::DEBUG::https://igtec-kanbanboard-default-rtdb.firebaseio.com:443 "GET /igorsantos314.json HTTP/1.1" 200 842 
11/01/2021 05:56:28 PM::DEBUG::Converted retries value: 3 -> Retry(total=3, connect=None, read=None, redirect=None, status=None) 
11/01/2021 05:56:28 PM::DEBUG::Starting new HTTPS connection (1): igtec-kanbanboard-default-rtdb.firebaseio.com:443 
11/01/2021 05:56:28 PM::DEBUG::https://igtec-kanbanboard-default-rtdb.firebaseio.com:443 "GET /igorsantos314.json HTTP/1.1" 200 842 
11/01/2021 05:57:15 PM::DEBUG::Converted retries value: 3 -> Retry(total=3, connect=None, read=None, redirect=None, status=None) 
11/01/2021 05:57:15 PM::DEBUG::Starting new HTTPS connection (1): igtec-kanbanboard-default-rtdb.firebaseio.com:443 
11/01/2021 05:57:15 PM::DEBUG::https://igtec-kanbanboard-default-rtdb.firebaseio.com:443 "GET /igorsantos314.json HTTP/1.1" 200 842 
